<?xml version="1.0" encoding="UTF-8"?>
<!-- Generated by org.testng.reporters.JUnitReportReporter -->
<testsuite skipped="0" hostname="DESKTOP-36RUSQK" name="com.x2crm.entail.ValidConvertEntail" tests="1" failures="0" timestamp="2021-05-26T11:51:01 IST" time="68.348" errors="0">
  <testcase name="verifyConvertEntail" time="68.348" classname="com.x2crm.entail.ValidConvertEntail"/>
</testsuite> <!-- com.x2crm.entail.ValidConvertEntail -->
