<?xml version="1.0" encoding="UTF-8"?>
<!-- Generated by org.testng.reporters.JUnitReportReporter -->
<testsuite skipped="0" hostname="DESKTOP-36RUSQK" name="com.x2crm.entail.ValidCloneEntail" tests="1" failures="0" timestamp="2021-05-26T10:28:49 IST" time="53.208" errors="0">
  <testcase name="verifyCloneEntail" time="53.208" classname="com.x2crm.entail.ValidCloneEntail"/>
</testsuite> <!-- com.x2crm.entail.ValidCloneEntail -->
