<?xml version="1.0" encoding="UTF-8"?>
<!-- Generated by org.testng.reporters.JUnitReportReporter -->
<testsuite skipped="0" hostname="DESKTOP-36RUSQK" name="com.x2crm.promote.ValidEditPromotePage" tests="1" failures="0" timestamp="2021-05-26T09:19:23 IST" time="74.075" errors="0">
  <testcase name="verifyEditCampaign" time="74.075" classname="com.x2crm.promote.ValidEditPromotePage"/>
</testsuite> <!-- com.x2crm.promote.ValidEditPromotePage -->
