<?xml version="1.0" encoding="UTF-8"?>
<!-- Generated by org.testng.reporters.JUnitReportReporter -->
<testsuite skipped="0" hostname="DESKTOP-36RUSQK" name="com.x2crm.entail.Demo" tests="1" failures="0" timestamp="2021-05-24T14:29:12 IST" time="0.071" errors="0">
  <testcase name="run" time="0.071" classname="com.x2crm.entail.Demo"/>
</testsuite> <!-- com.x2crm.entail.Demo -->
