<?xml version="1.0" encoding="UTF-8"?>
<!-- Generated by org.testng.reporters.JUnitReportReporter -->
<testsuite skipped="0" hostname="DESKTOP-36RUSQK" name="com.x2crm.promote.validPromoteDisplayedInPromoteDetailsPage" tests="1" failures="0" timestamp="2021-05-25T22:17:00 IST" time="10.370" errors="0">
  <testcase name="verifyCampaignDetailsPage" time="10.370" classname="com.x2crm.promote.validPromoteDisplayedInPromoteDetailsPage"/>
</testsuite> <!-- com.x2crm.promote.validPromoteDisplayedInPromoteDetailsPage -->
