<?xml version="1.0" encoding="UTF-8"?>
<!-- Generated by org.testng.reporters.JUnitReportReporter -->
<testsuite skipped="0" hostname="DESKTOP-36RUSQK" name="com.x2crm.promote.validDeletePromote" tests="1" failures="0" timestamp="2021-05-25T21:59:15 IST" time="8.845" errors="0">
  <testcase name="deletePromote" time="8.845" classname="com.x2crm.promote.validDeletePromote"/>
</testsuite> <!-- com.x2crm.promote.validDeletePromote -->
