<?xml version="1.0" encoding="UTF-8"?>
<!-- Generated by org.testng.reporters.JUnitReportReporter -->
<testsuite skipped="0" hostname="DESKTOP-36RUSQK" name="com.x2crm.promote.ValidActivePromoteCapture" tests="1" failures="0" timestamp="2021-05-25T22:07:23 IST" time="5.340" errors="0">
  <testcase name="activeCapaignCapture" time="5.340" classname="com.x2crm.promote.ValidActivePromoteCapture"/>
</testsuite> <!-- com.x2crm.promote.ValidActivePromoteCapture -->
