<?xml version="1.0" encoding="UTF-8"?>
<!-- Generated by org.testng.reporters.JUnitReportReporter -->
<testsuite skipped="0" hostname="DESKTOP-36RUSQK" name="com.x2crm.entail.ValidSearchEntail" tests="1" failures="0" timestamp="2021-05-25T22:23:53 IST" time="9.596" errors="0">
  <testcase name="searchFindEntail" time="9.596" classname="com.x2crm.entail.ValidSearchEntail"/>
</testsuite> <!-- com.x2crm.entail.ValidSearchEntail -->
