<?xml version="1.0" encoding="UTF-8"?>
<!-- Generated by org.testng.reporters.JUnitReportReporter -->
<testsuite skipped="0" hostname="DESKTOP-36RUSQK" name="com.x2crm.entail.ValidCreateEntail" tests="1" failures="0" timestamp="2021-05-25T22:22:22 IST" time="12.285" errors="0">
  <testcase name="createEntail" time="12.285" classname="com.x2crm.entail.ValidCreateEntail"/>
</testsuite> <!-- com.x2crm.entail.ValidCreateEntail -->
