<?xml version="1.0" encoding="UTF-8"?>
<!-- Generated by org.testng.reporters.JUnitReportReporter -->
<testsuite skipped="0" hostname="DESKTOP-36RUSQK" name="com.magento.testscripts.ValidAllProducts" tests="1" failures="0" timestamp="2021-06-05T13:56:12 IST" time="4.889" errors="0">
  <testcase name="verifyAllProductsSortedByName" time="4.889" classname="com.magento.testscripts.ValidAllProducts"/>
</testsuite> <!-- com.magento.testscripts.ValidAllProducts -->
