<?xml version="1.0" encoding="UTF-8"?>
<!-- Generated by org.testng.reporters.JUnitReportReporter -->
<testsuite skipped="0" hostname="DESKTOP-36RUSQK" name="com.magento.testscripts.VerifyShoppingCartIsEmpty" tests="1" failures="0" timestamp="2021-06-05T14:33:13 IST" time="10.250" errors="0">
  <testcase name="checkCartIsEmpty" time="10.250" classname="com.magento.testscripts.VerifyShoppingCartIsEmpty"/>
</testsuite> <!-- com.magento.testscripts.VerifyShoppingCartIsEmpty -->
