<?xml version="1.0" encoding="UTF-8"?>
<!-- Generated by org.testng.reporters.JUnitReportReporter -->
<testsuite skipped="0" hostname="DESKTOP-36RUSQK" name="com.magento.testscripts.CompareSonyExperiaPrice" tests="1" failures="0" timestamp="2021-06-05T14:22:10 IST" time="7.167" errors="0">
  <testcase name="verifySonyXperiaPrice" time="7.167" classname="com.magento.testscripts.CompareSonyExperiaPrice"/>
</testsuite> <!-- com.magento.testscripts.CompareSonyExperiaPrice -->
