<?xml version="1.0" encoding="UTF-8"?>
<!-- Generated by org.testng.reporters.JUnitReportReporter -->
<testsuite skipped="0" hostname="DESKTOP-36RUSQK" name="com.magento.testscripts.ValidAllProducts" tests="1" failures="0" timestamp="2021-06-05T14:22:10 IST" time="5.593" errors="0">
  <testcase name="verifyAllProductsSortedByName" time="5.593" classname="com.magento.testscripts.ValidAllProducts"/>
</testsuite> <!-- com.magento.testscripts.ValidAllProducts -->
