<?xml version="1.0" encoding="UTF-8"?>
<!-- Generated by org.testng.reporters.JUnitReportReporter -->
<testsuite skipped="0" hostname="DESKTOP-36RUSQK" name="com.magento.genericlib.CustomReport" tests="1" failures="0" timestamp="2021-06-04T12:45:47 IST" time="2.446" errors="0">
  <testcase name="runReports" time="2.446" classname="com.magento.genericlib.CustomReport"/>
</testsuite> <!-- com.magento.genericlib.CustomReport -->
