<?xml version="1.0" encoding="UTF-8"?>
<!-- Generated by org.testng.reporters.JUnitReportReporter -->
<testsuite skipped="0" hostname="DESKTOP-36RUSQK" name="com.magento.testscripts.Reporttest" tests="1" failures="0" timestamp="2021-06-04T14:56:12 IST" time="0.070" errors="0">
  <testcase name="run" time="0.070" classname="com.magento.testscripts.Reporttest"/>
</testsuite> <!-- com.magento.testscripts.Reporttest -->
