<?xml version="1.0" encoding="UTF-8"?>
<!-- Generated by org.testng.reporters.JUnitReportReporter -->
<testsuite skipped="0" hostname="DESKTOP-36RUSQK" name="com.magento.testscripts.ExtentLib" tests="1" failures="0" timestamp="2021-06-04T15:03:51 IST" time="0.058" errors="0">
  <testcase name="run" time="0.058" classname="com.magento.testscripts.ExtentLib"/>
</testsuite> <!-- com.magento.testscripts.ExtentLib -->
